<?xml version="1.0" encoding="UTF-8"?>
<coverage generated="1782362625132" clover="3.2.0">
  <project timestamp="1782362625133" name="All files">
    <metrics statements="87" coveredstatements="80" conditionals="38" coveredconditionals="29" methods="32" coveredmethods="30" elements="157" coveredelements="139" complexity="0" loc="87" ncloc="87" packages="2" files="11" classes="11"/>
    <package name="src">
      <metrics statements="1" coveredstatements="1" conditionals="0" coveredconditionals="0" methods="1" coveredmethods="1"/>
      <file name="App.jsx" path="C:\Users\MicaJoyce Biadoy\OneDrive\Desktop\123\SetupNiJoben\frontend\src\App.jsx">
        <metrics statements="1" coveredstatements="1" conditionals="0" coveredconditionals="0" methods="1" coveredmethods="1"/>
        <line num="6" count="3" type="stmt"/>
      </file>
    </package>
    <package name="src.components">
      <metrics statements="86" coveredstatements="79" conditionals="38" coveredconditionals="29" methods="31" coveredmethods="29"/>
      <file name="AdjustmentReasonDropdown.jsx" path="C:\Users\MicaJoyce Biadoy\OneDrive\Desktop\123\SetupNiJoben\frontend\src\components\AdjustmentReasonDropdown.jsx">
        <metrics statements="5" coveredstatements="5" conditionals="1" coveredconditionals="1" methods="3" coveredmethods="3"/>
        <line num="4" count="4" type="stmt"/>
        <line num="13" count="57" type="stmt"/>
        <line num="21" count="5" type="stmt"/>
        <line num="28" count="285" type="stmt"/>
        <line num="37" count="4" type="stmt"/>
      </file>
      <file name="DashboardContainer.jsx" path="C:\Users\MicaJoyce Biadoy\OneDrive\Desktop\123\SetupNiJoben\frontend\src\components\DashboardContainer.jsx">
        <metrics statements="1" coveredstatements="1" conditionals="0" coveredconditionals="0" methods="1" coveredmethods="1"/>
        <line num="5" count="3" type="stmt"/>
      </file>
      <file name="FilterDropdown.jsx" path="C:\Users\MicaJoyce Biadoy\OneDrive\Desktop\123\SetupNiJoben\frontend\src\components\FilterDropdown.jsx">
        <metrics statements="4" coveredstatements="4" conditionals="0" coveredconditionals="0" methods="3" coveredmethods="3"/>
        <line num="5" count="71" type="stmt"/>
        <line num="8" count="6" type="stmt"/>
        <line num="23" count="280" type="stmt"/>
        <line num="31" count="3" type="stmt"/>
      </file>
      <file name="InventoryAdjustmentForm.jsx" path="C:\Users\MicaJoyce Biadoy\OneDrive\Desktop\123\SetupNiJoben\frontend\src\components\InventoryAdjustmentForm.jsx">
        <metrics statements="20" coveredstatements="20" conditionals="4" coveredconditionals="4" methods="4" coveredmethods="4"/>
        <line num="8" count="107" type="stmt"/>
        <line num="9" count="107" type="stmt"/>
        <line num="10" count="107" type="stmt"/>
        <line num="12" count="107" type="stmt"/>
        <line num="13" count="4" type="stmt"/>
        <line num="14" count="4" type="cond" truecount="2" falsecount="0"/>
        <line num="15" count="1" type="stmt"/>
        <line num="16" count="1" type="stmt"/>
        <line num="19" count="3" type="stmt"/>
        <line num="28" count="3" type="stmt"/>
        <line num="31" count="107" type="stmt"/>
        <line num="32" count="6" type="stmt"/>
        <line num="33" count="6" type="stmt"/>
        <line num="34" count="6" type="stmt"/>
        <line num="35" count="6" type="stmt"/>
        <line num="38" count="107" type="cond" truecount="2" falsecount="0"/>
        <line num="41" count="51" type="stmt"/>
        <line num="61" count="51" type="stmt"/>
        <line num="103" count="20" type="stmt"/>
        <line num="115" count="3" type="stmt"/>
      </file>
      <file name="InventoryTable.jsx" path="C:\Users\MicaJoyce Biadoy\OneDrive\Desktop\123\SetupNiJoben\frontend\src\components\InventoryTable.jsx">
        <metrics statements="21" coveredstatements="19" conditionals="8" coveredconditionals="8" methods="9" coveredmethods="8"/>
        <line num="7" count="2" type="stmt"/>
        <line num="16" count="63" type="stmt"/>
        <line num="17" count="63" type="stmt"/>
        <line num="18" count="63" type="stmt"/>
        <line num="19" count="63" type="stmt"/>
        <line num="21" count="310" type="stmt"/>
        <line num="23" count="63" type="stmt"/>
        <line num="24" count="55" type="stmt"/>
        <line num="25" count="275" type="cond" truecount="2" falsecount="0"/>
        <line num="27" count="275" type="cond" truecount="2" falsecount="0"/>
        <line num="28" count="275" type="cond" truecount="2" falsecount="0"/>
        <line num="32" count="63" type="stmt"/>
        <line num="33" count="5" type="stmt"/>
        <line num="34" count="5" type="stmt"/>
        <line num="37" count="63" type="stmt"/>
        <line num="38" count="0" type="stmt"/>
        <line num="39" count="0" type="stmt"/>
        <line num="42" count="63" type="stmt"/>
        <line num="71" count="186" type="stmt"/>
        <line num="82" count="5" type="stmt"/>
        <line num="104" count="2" type="stmt"/>
      </file>
      <file name="Modal.jsx" path="C:\Users\MicaJoyce Biadoy\OneDrive\Desktop\123\SetupNiJoben\frontend\src\components\Modal.jsx">
        <metrics statements="3" coveredstatements="3" conditionals="4" coveredconditionals="4" methods="1" coveredmethods="1"/>
        <line num="5" count="62" type="cond" truecount="2" falsecount="0"/>
        <line num="7" count="58" type="stmt"/>
        <line num="43" count="4" type="stmt"/>
      </file>
      <file name="QuantityInput.jsx" path="C:\Users\MicaJoyce Biadoy\OneDrive\Desktop\123\SetupNiJoben\frontend\src\components\QuantityInput.jsx">
        <metrics statements="12" coveredstatements="9" conditionals="12" coveredconditionals="5" methods="4" coveredmethods="3"/>
        <line num="5" count="59" type="stmt"/>
        <line num="6" count="0" type="stmt"/>
        <line num="7" count="0" type="cond" truecount="0" falsecount="5"/>
        <line num="8" count="0" type="stmt"/>
        <line num="12" count="59" type="stmt"/>
        <line num="13" count="7" type="cond" truecount="1" falsecount="1"/>
        <line num="14" count="7" type="stmt"/>
        <line num="18" count="59" type="stmt"/>
        <line num="19" count="1" type="cond" truecount="1" falsecount="1"/>
        <line num="20" count="1" type="stmt"/>
        <line num="24" count="59" type="stmt"/>
        <line num="66" count="4" type="stmt"/>
      </file>
      <file name="SearchInput.jsx" path="C:\Users\MicaJoyce Biadoy\OneDrive\Desktop\123\SetupNiJoben\frontend\src\components\SearchInput.jsx">
        <metrics statements="3" coveredstatements="3" conditionals="1" coveredconditionals="1" methods="2" coveredmethods="2"/>
        <line num="5" count="70" type="stmt"/>
        <line num="9" count="34" type="stmt"/>
        <line num="27" count="3" type="stmt"/>
      </file>
      <file name="Sidebar.jsx" path="C:\Users\MicaJoyce Biadoy\OneDrive\Desktop\123\SetupNiJoben\frontend\src\components\Sidebar.jsx">
        <metrics statements="1" coveredstatements="1" conditionals="0" coveredconditionals="0" methods="1" coveredmethods="1"/>
        <line num="4" count="3" type="stmt"/>
      </file>
      <file name="StockStatusBadge.jsx" path="C:\Users\MicaJoyce Biadoy\OneDrive\Desktop\123\SetupNiJoben\frontend\src\components\StockStatusBadge.jsx">
        <metrics statements="16" coveredstatements="14" conditionals="8" coveredconditionals="6" methods="3" coveredmethods="3"/>
        <line num="4" count="3" type="stmt"/>
        <line num="5" count="195" type="cond" truecount="3" falsecount="1"/>
        <line num="7" count="82" type="stmt"/>
        <line num="9" count="76" type="stmt"/>
        <line num="11" count="37" type="stmt"/>
        <line num="13" count="0" type="stmt"/>
        <line num="17" count="3" type="stmt"/>
        <line num="18" count="195" type="cond" truecount="3" falsecount="1"/>
        <line num="20" count="82" type="stmt"/>
        <line num="22" count="76" type="stmt"/>
        <line num="24" count="37" type="stmt"/>
        <line num="26" count="0" type="stmt"/>
        <line num="31" count="195" type="stmt"/>
        <line num="32" count="195" type="stmt"/>
        <line num="34" count="195" type="stmt"/>
        <line num="54" count="3" type="stmt"/>
      </file>
    </package>
  </project>
</coverage>
