{"C:\\Users\\MicaJoyce Biadoy\\OneDrive\\Desktop\\123\\SetupNiJoben\\frontend\\Inventory\\src\\App.jsx": {"path":"C:\\Users\\MicaJoyce Biadoy\\OneDrive\\Desktop\\123\\SetupNiJoben\\frontend\\Inventory\\src\\App.jsx","statementMap":{"0":{"start":{"line":6,"column":2},"end":{"line":12,"column":null}}},"fnMap":{"0":{"name":"App","decl":{"start":{"line":5,"column":24},"end":{"line":5,"column":29}},"loc":{"start":{"line":5,"column":29},"end":{"line":14,"column":null}},"line":5}},"branchMap":{},"s":{"0":3},"f":{"0":3},"b":{},"meta":{"lastBranch":0,"lastFunction":1,"lastStatement":1,"seen":{"f:5:24:5:29":0,"s:6:2:12:Infinity":0},"fnNames":{}}}
,"C:\\Users\\MicaJoyce Biadoy\\OneDrive\\Desktop\\123\\SetupNiJoben\\frontend\\Inventory\\src\\mockAlerts.js": {"path":"C:\\Users\\MicaJoyce Biadoy\\OneDrive\\Desktop\\123\\SetupNiJoben\\frontend\\Inventory\\src\\mockAlerts.js","statementMap":{"0":{"start":{"line":2,"column":26},"end":{"line":36,"column":1}}},"fnMap":{},"branchMap":{},"s":{"0":2},"f":{},"b":{},"meta":{"lastBranch":0,"lastFunction":0,"lastStatement":1,"seen":{"s:2:26:36:1":0},"fnNames":{}}}
,"C:\\Users\\MicaJoyce Biadoy\\OneDrive\\Desktop\\123\\SetupNiJoben\\frontend\\Inventory\\src\\components\\AdjustmentReasonDropdown.jsx": {"path":"C:\\Users\\MicaJoyce Biadoy\\OneDrive\\Desktop\\123\\SetupNiJoben\\frontend\\Inventory\\src\\components\\AdjustmentReasonDropdown.jsx","statementMap":{"0":{"start":{"line":4,"column":27},"end":{"line":10,"column":null}},"1":{"start":{"line":13,"column":2},"end":{"line":33,"column":null}},"2":{"start":{"line":21,"column":25},"end":{"line":21,"column":null}},"3":{"start":{"line":28,"column":10},"end":{"line":30,"column":null}},"4":{"start":{"line":37,"column":0},"end":{"line":41,"column":null}}},"fnMap":{"0":{"name":"AdjustmentReasonDropdown","decl":{"start":{"line":12,"column":24},"end":{"line":12,"column":49}},"loc":{"start":{"line":12,"column":99},"end":{"line":35,"column":null}},"line":12},"1":{"name":"(anonymous_1)","decl":{"start":{"line":21,"column":8},"end":{"line":21,"column":19}},"loc":{"start":{"line":21,"column":25},"end":{"line":21,"column":null}},"line":21},"2":{"name":"(anonymous_2)","decl":{"start":{"line":27,"column":28},"end":{"line":27,"column":33}},"loc":{"start":{"line":28,"column":10},"end":{"line":30,"column":null}},"line":28}},"branchMap":{"0":{"loc":{"start":{"line":12,"column":68},"end":{"line":12,"column":99}},"type":"default-arg","locations":[{"start":{"line":12,"column":76},"end":{"line":12,"column":99}}],"line":12}},"s":{"0":6,"1":60,"2":5,"3":300,"4":6},"f":{"0":60,"1":5,"2":300},"b":{"0":[60]},"meta":{"lastBranch":1,"lastFunction":3,"lastStatement":5,"seen":{"s:4:27:10:Infinity":0,"f:12:24:12:49":0,"b:12:76:12:99":0,"s:13:2:33:Infinity":1,"f:21:8:21:19":1,"s:21:25:21:Infinity":2,"f:27:28:27:33":2,"s:28:10:30:Infinity":3,"s:37:0:41:Infinity":4},"fnNames":{}}}
,"C:\\Users\\MicaJoyce Biadoy\\OneDrive\\Desktop\\123\\SetupNiJoben\\frontend\\Inventory\\src\\components\\AlertCountIndicator.jsx": {"path":"C:\\Users\\MicaJoyce Biadoy\\OneDrive\\Desktop\\123\\SetupNiJoben\\frontend\\Inventory\\src\\components\\AlertCountIndicator.jsx","statementMap":{"0":{"start":{"line":5,"column":2},"end":{"line":22,"column":null}},"1":{"start":{"line":26,"column":0},"end":{"line":30,"column":null}}},"fnMap":{"0":{"name":"AlertCountIndicator","decl":{"start":{"line":4,"column":24},"end":{"line":4,"column":44}},"loc":{"start":{"line":4,"column":83},"end":{"line":24,"column":null}},"line":4}},"branchMap":{"0":{"loc":{"start":{"line":4,"column":62},"end":{"line":4,"column":83}},"type":"default-arg","locations":[{"start":{"line":4,"column":74},"end":{"line":4,"column":83}}],"line":4},"1":{"loc":{"start":{"line":7,"column":42},"end":{"line":7,"column":null}},"type":"cond-expr","locations":[{"start":{"line":7,"column":54},"end":{"line":7,"column":88}},{"start":{"line":7,"column":88},"end":{"line":7,"column":null}}],"line":7},"2":{"loc":{"start":{"line":9,"column":45},"end":{"line":9,"column":null}},"type":"cond-expr","locations":[{"start":{"line":9,"column":59},"end":{"line":9,"column":65}},{"start":{"line":9,"column":65},"end":{"line":9,"column":null}}],"line":9},"3":{"loc":{"start":{"line":11,"column":30},"end":{"line":11,"column":53}},"type":"cond-expr","locations":[{"start":{"line":11,"column":44},"end":{"line":11,"column":50}},{"start":{"line":11,"column":50},"end":{"line":11,"column":53}}],"line":11},"4":{"loc":{"start":{"line":14,"column":7},"end":{"line":22,"column":null}},"type":"binary-expr","locations":[{"start":{"line":14,"column":7},"end":{"line":14,"column":null}},{"start":{"line":15,"column":8},"end":{"line":22,"column":null}}],"line":14},"5":{"loc":{"start":{"line":19,"column":11},"end":{"line":19,"column":null}},"type":"cond-expr","locations":[{"start":{"line":19,"column":24},"end":{"line":19,"column":32}},{"start":{"line":19,"column":32},"end":{"line":19,"column":null}}],"line":19}},"s":{"0":29,"1":3},"f":{"0":29},"b":{"0":[29],"1":[20,9],"2":[28,1],"3":[28,1],"4":[29,28],"5":[1,27]},"meta":{"lastBranch":6,"lastFunction":1,"lastStatement":2,"seen":{"f:4:24:4:44":0,"b:4:74:4:83":0,"s:5:2:22:Infinity":0,"b:7:54:7:88:7:88:7:Infinity":1,"b:9:59:9:65:9:65:9:Infinity":2,"b:11:44:11:50:11:50:11:53":3,"b:14:7:14:Infinity:15:8:22:Infinity":4,"b:19:24:19:32:19:32:19:Infinity":5,"s:26:0:30:Infinity":1},"fnNames":{}}}
,"C:\\Users\\MicaJoyce Biadoy\\OneDrive\\Desktop\\123\\SetupNiJoben\\frontend\\Inventory\\src\\components\\AlertItem.jsx": {"path":"C:\\Users\\MicaJoyce Biadoy\\OneDrive\\Desktop\\123\\SetupNiJoben\\frontend\\Inventory\\src\\components\\AlertItem.jsx","statementMap":{"0":{"start":{"line":5,"column":8},"end":{"line":13,"column":null}},"1":{"start":{"line":6,"column":16},"end":{"line":6,"column":null}},"2":{"start":{"line":7,"column":26},"end":{"line":7,"column":null}},"3":{"start":{"line":9,"column":4},"end":{"line":9,"column":null}},"4":{"start":{"line":9,"column":27},"end":{"line":9,"column":null}},"5":{"start":{"line":10,"column":4},"end":{"line":10,"column":null}},"6":{"start":{"line":10,"column":28},"end":{"line":10,"column":null}},"7":{"start":{"line":11,"column":4},"end":{"line":11,"column":null}},"8":{"start":{"line":11,"column":30},"end":{"line":11,"column":null}},"9":{"start":{"line":12,"column":4},"end":{"line":12,"column":null}},"10":{"start":{"line":15,"column":27},"end":{"line":15,"column":null}},"11":{"start":{"line":17,"column":2},"end":{"line":88,"column":null}},"12":{"start":{"line":92,"column":0},"end":{"line":104,"column":null}}},"fnMap":{"0":{"name":"AlertItem","decl":{"start":{"line":4,"column":24},"end":{"line":4,"column":34}},"loc":{"start":{"line":4,"column":45},"end":{"line":90,"column":null}},"line":4},"1":{"name":"(anonymous_1)","decl":{"start":{"line":5,"column":8},"end":{"line":5,"column":22}},"loc":{"start":{"line":5,"column":36},"end":{"line":13,"column":null}},"line":5}},"branchMap":{"0":{"loc":{"start":{"line":9,"column":4},"end":{"line":9,"column":null}},"type":"if","locations":[{"start":{"line":9,"column":4},"end":{"line":9,"column":null}},{"start":{},"end":{}}],"line":9},"1":{"loc":{"start":{"line":10,"column":4},"end":{"line":10,"column":null}},"type":"if","locations":[{"start":{"line":10,"column":4},"end":{"line":10,"column":null}},{"start":{},"end":{}}],"line":10},"2":{"loc":{"start":{"line":11,"column":4},"end":{"line":11,"column":null}},"type":"if","locations":[{"start":{"line":11,"column":4},"end":{"line":11,"column":null}},{"start":{},"end":{}}],"line":11},"3":{"loc":{"start":{"line":26,"column":13},"end":{"line":26,"column":null}},"type":"cond-expr","locations":[{"start":{"line":26,"column":45},"end":{"line":26,"column":52}},{"start":{"line":26,"column":52},"end":{"line":26,"column":null}}],"line":26},"4":{"loc":{"start":{"line":52,"column":13},"end":{"line":52,"column":null}},"type":"binary-expr","locations":[{"start":{"line":52,"column":13},"end":{"line":52,"column":31}},{"start":{"line":52,"column":31},"end":{"line":52,"column":null}}],"line":52}},"s":{"0":49,"1":49,"2":49,"3":49,"4":0,"5":49,"6":49,"7":0,"8":0,"9":0,"10":49,"11":49,"12":5},"f":{"0":49,"1":49},"b":{"0":[0,49],"1":[49,0],"2":[0,0],"3":[40,9],"4":[49,0]},"meta":{"lastBranch":5,"lastFunction":2,"lastStatement":13,"seen":{"f:4:24:4:34":0,"s:5:8:13:Infinity":0,"f:5:8:5:22":1,"s:6:16:6:Infinity":1,"s:7:26:7:Infinity":2,"b:9:4:9:Infinity:undefined:undefined:undefined:undefined":0,"s:9:4:9:Infinity":3,"s:9:27:9:Infinity":4,"b:10:4:10:Infinity:undefined:undefined:undefined:undefined":1,"s:10:4:10:Infinity":5,"s:10:28:10:Infinity":6,"b:11:4:11:Infinity:undefined:undefined:undefined:undefined":2,"s:11:4:11:Infinity":7,"s:11:30:11:Infinity":8,"s:12:4:12:Infinity":9,"s:15:27:15:Infinity":10,"s:17:2:88:Infinity":11,"b:26:45:26:52:26:52:26:Infinity":3,"b:52:13:52:31:52:31:52:Infinity":4,"s:92:0:104:Infinity":12},"fnNames":{}}}
,"C:\\Users\\MicaJoyce Biadoy\\OneDrive\\Desktop\\123\\SetupNiJoben\\frontend\\Inventory\\src\\components\\AlertList.jsx": {"path":"C:\\Users\\MicaJoyce Biadoy\\OneDrive\\Desktop\\123\\SetupNiJoben\\frontend\\Inventory\\src\\components\\AlertList.jsx","statementMap":{"0":{"start":{"line":6,"column":2},"end":{"line":12,"column":null}},"1":{"start":{"line":7,"column":4},"end":{"line":10,"column":null}},"2":{"start":{"line":15,"column":23},"end":{"line":19,"column":null}},"3":{"start":{"line":16,"column":4},"end":{"line":16,"column":null}},"4":{"start":{"line":16,"column":64},"end":{"line":16,"column":null}},"5":{"start":{"line":17,"column":4},"end":{"line":17,"column":null}},"6":{"start":{"line":17,"column":64},"end":{"line":17,"column":null}},"7":{"start":{"line":18,"column":4},"end":{"line":18,"column":null}},"8":{"start":{"line":21,"column":2},"end":{"line":26,"column":null}},"9":{"start":{"line":24,"column":8},"end":{"line":24,"column":null}},"10":{"start":{"line":30,"column":0},"end":{"line":43,"column":null}}},"fnMap":{"0":{"name":"AlertList","decl":{"start":{"line":5,"column":24},"end":{"line":5,"column":34}},"loc":{"start":{"line":5,"column":46},"end":{"line":28,"column":null}},"line":5},"1":{"name":"(anonymous_1)","decl":{"start":{"line":15,"column":35},"end":{"line":15,"column":41}},"loc":{"start":{"line":15,"column":50},"end":{"line":19,"column":3}},"line":15},"2":{"name":"(anonymous_2)","decl":{"start":{"line":23,"column":20},"end":{"line":23,"column":25}},"loc":{"start":{"line":24,"column":8},"end":{"line":24,"column":null}},"line":24}},"branchMap":{"0":{"loc":{"start":{"line":6,"column":2},"end":{"line":12,"column":null}},"type":"if","locations":[{"start":{"line":6,"column":2},"end":{"line":12,"column":null}},{"start":{},"end":{}}],"line":6},"1":{"loc":{"start":{"line":6,"column":6},"end":{"line":6,"column":38}},"type":"binary-expr","locations":[{"start":{"line":6,"column":6},"end":{"line":6,"column":17}},{"start":{"line":6,"column":17},"end":{"line":6,"column":38}}],"line":6},"2":{"loc":{"start":{"line":16,"column":4},"end":{"line":16,"column":null}},"type":"if","locations":[{"start":{"line":16,"column":4},"end":{"line":16,"column":null}},{"start":{},"end":{}}],"line":16},"3":{"loc":{"start":{"line":16,"column":8},"end":{"line":16,"column":64}},"type":"binary-expr","locations":[{"start":{"line":16,"column":8},"end":{"line":16,"column":37}},{"start":{"line":16,"column":37},"end":{"line":16,"column":64}}],"line":16},"4":{"loc":{"start":{"line":17,"column":4},"end":{"line":17,"column":null}},"type":"if","locations":[{"start":{"line":17,"column":4},"end":{"line":17,"column":null}},{"start":{},"end":{}}],"line":17},"5":{"loc":{"start":{"line":17,"column":8},"end":{"line":17,"column":64}},"type":"binary-expr","locations":[{"start":{"line":17,"column":8},"end":{"line":17,"column":37}},{"start":{"line":17,"column":37},"end":{"line":17,"column":64}}],"line":17}},"s":{"0":16,"1":1,"2":15,"3":22,"4":0,"5":22,"6":8,"7":14,"8":15,"9":37,"10":4},"f":{"0":16,"1":22,"2":37},"b":{"0":[1,15],"1":[16,16],"2":[0,22],"3":[22,14],"4":[8,14],"5":[22,8]},"meta":{"lastBranch":6,"lastFunction":3,"lastStatement":11,"seen":{"f:5:24:5:34":0,"b:6:2:12:Infinity:undefined:undefined:undefined:undefined":0,"s:6:2:12:Infinity":0,"b:6:6:6:17:6:17:6:38":1,"s:7:4:10:Infinity":1,"s:15:23:19:Infinity":2,"f:15:35:15:41":1,"b:16:4:16:Infinity:undefined:undefined:undefined:undefined":2,"s:16:4:16:Infinity":3,"b:16:8:16:37:16:37:16:64":3,"s:16:64:16:Infinity":4,"b:17:4:17:Infinity:undefined:undefined:undefined:undefined":4,"s:17:4:17:Infinity":5,"b:17:8:17:37:17:37:17:64":5,"s:17:64:17:Infinity":6,"s:18:4:18:Infinity":7,"s:21:2:26:Infinity":8,"f:23:20:23:25":2,"s:24:8:24:Infinity":9,"s:30:0:43:Infinity":10},"fnNames":{}}}
,"C:\\Users\\MicaJoyce Biadoy\\OneDrive\\Desktop\\123\\SetupNiJoben\\frontend\\Inventory\\src\\components\\AlertNotificationPanel.jsx": {"path":"C:\\Users\\MicaJoyce Biadoy\\OneDrive\\Desktop\\123\\SetupNiJoben\\frontend\\Inventory\\src\\components\\AlertNotificationPanel.jsx","statementMap":{"0":{"start":{"line":6,"column":2},"end":{"line":6,"column":null}},"1":{"start":{"line":6,"column":15},"end":{"line":6,"column":null}},"2":{"start":{"line":8,"column":2},"end":{"line":45,"column":null}},"3":{"start":{"line":17,"column":24},"end":{"line":17,"column":null}},"4":{"start":{"line":49,"column":0},"end":{"line":63,"column":null}}},"fnMap":{"0":{"name":"AlertNotificationPanel","decl":{"start":{"line":5,"column":24},"end":{"line":5,"column":47}},"loc":{"start":{"line":5,"column":76},"end":{"line":47,"column":null}},"line":5},"1":{"name":"(anonymous_1)","decl":{"start":{"line":17,"column":8},"end":{"line":17,"column":18}},"loc":{"start":{"line":17,"column":24},"end":{"line":17,"column":null}},"line":17}},"branchMap":{"0":{"loc":{"start":{"line":6,"column":2},"end":{"line":6,"column":null}},"type":"if","locations":[{"start":{"line":6,"column":2},"end":{"line":6,"column":null}},{"start":{},"end":{}}],"line":6},"1":{"loc":{"start":{"line":41,"column":29},"end":{"line":41,"column":70}},"type":"cond-expr","locations":[{"start":{"line":41,"column":51},"end":{"line":41,"column":61}},{"start":{"line":41,"column":61},"end":{"line":41,"column":70}}],"line":41}},"s":{"0":27,"1":16,"2":11,"3":3,"4":3},"f":{"0":27,"1":3},"b":{"0":[16,11],"1":[1,10]},"meta":{"lastBranch":2,"lastFunction":2,"lastStatement":5,"seen":{"f:5:24:5:47":0,"b:6:2:6:Infinity:undefined:undefined:undefined:undefined":0,"s:6:2:6:Infinity":0,"s:6:15:6:Infinity":1,"s:8:2:45:Infinity":2,"f:17:8:17:18":1,"s:17:24:17:Infinity":3,"b:41:51:41:61:41:61:41:70":1,"s:49:0:63:Infinity":4},"fnNames":{}}}
,"C:\\Users\\MicaJoyce Biadoy\\OneDrive\\Desktop\\123\\SetupNiJoben\\frontend\\Inventory\\src\\components\\DashboardContainer.jsx": {"path":"C:\\Users\\MicaJoyce Biadoy\\OneDrive\\Desktop\\123\\SetupNiJoben\\frontend\\Inventory\\src\\components\\DashboardContainer.jsx","statementMap":{"0":{"start":{"line":9,"column":27},"end":{"line":9,"column":null}},"1":{"start":{"line":10,"column":21},"end":{"line":10,"column":null}},"2":{"start":{"line":12,"column":2},"end":{"line":37,"column":null}},"3":{"start":{"line":16,"column":27},"end":{"line":16,"column":null}},"4":{"start":{"line":24,"column":27},"end":{"line":24,"column":null}},"5":{"start":{"line":34,"column":23},"end":{"line":34,"column":null}}},"fnMap":{"0":{"name":"DashboardContainer","decl":{"start":{"line":8,"column":24},"end":{"line":8,"column":44}},"loc":{"start":{"line":8,"column":44},"end":{"line":39,"column":null}},"line":8},"1":{"name":"(anonymous_1)","decl":{"start":{"line":16,"column":8},"end":{"line":16,"column":27}},"loc":{"start":{"line":16,"column":27},"end":{"line":16,"column":null}},"line":16},"2":{"name":"(anonymous_2)","decl":{"start":{"line":24,"column":12},"end":{"line":24,"column":27}},"loc":{"start":{"line":24,"column":27},"end":{"line":24,"column":null}},"line":24},"3":{"name":"(anonymous_3)","decl":{"start":{"line":34,"column":8},"end":{"line":34,"column":23}},"loc":{"start":{"line":34,"column":23},"end":{"line":34,"column":null}},"line":34}},"branchMap":{},"s":{"0":20,"1":20,"2":20,"3":1,"4":3,"5":1},"f":{"0":20,"1":1,"2":3,"3":1},"b":{},"meta":{"lastBranch":0,"lastFunction":4,"lastStatement":6,"seen":{"f:8:24:8:44":0,"s:9:27:9:Infinity":0,"s:10:21:10:Infinity":1,"s:12:2:37:Infinity":2,"f:16:8:16:27":1,"s:16:27:16:Infinity":3,"f:24:12:24:27":2,"s:24:27:24:Infinity":4,"f:34:8:34:23":3,"s:34:23:34:Infinity":5},"fnNames":{}}}
,"C:\\Users\\MicaJoyce Biadoy\\OneDrive\\Desktop\\123\\SetupNiJoben\\frontend\\Inventory\\src\\components\\FilterDropdown.jsx": {"path":"C:\\Users\\MicaJoyce Biadoy\\OneDrive\\Desktop\\123\\SetupNiJoben\\frontend\\Inventory\\src\\components\\FilterDropdown.jsx","statementMap":{"0":{"start":{"line":5,"column":2},"end":{"line":27,"column":null}},"1":{"start":{"line":8,"column":23},"end":{"line":8,"column":null}},"2":{"start":{"line":23,"column":8},"end":{"line":25,"column":null}},"3":{"start":{"line":31,"column":0},"end":{"line":35,"column":null}}},"fnMap":{"0":{"name":"FilterDropdown","decl":{"start":{"line":4,"column":24},"end":{"line":4,"column":39}},"loc":{"start":{"line":4,"column":83},"end":{"line":29,"column":null}},"line":4},"1":{"name":"(anonymous_1)","decl":{"start":{"line":8,"column":6},"end":{"line":8,"column":17}},"loc":{"start":{"line":8,"column":23},"end":{"line":8,"column":null}},"line":8},"2":{"name":"(anonymous_2)","decl":{"start":{"line":22,"column":18},"end":{"line":22,"column":23}},"loc":{"start":{"line":23,"column":8},"end":{"line":25,"column":null}},"line":23}},"branchMap":{},"s":{"0":162,"1":6,"2":644,"3":5},"f":{"0":162,"1":6,"2":644},"b":{},"meta":{"lastBranch":0,"lastFunction":3,"lastStatement":4,"seen":{"f:4:24:4:39":0,"s:5:2:27:Infinity":0,"f:8:6:8:17":1,"s:8:23:8:Infinity":1,"f:22:18:22:23":2,"s:23:8:25:Infinity":2,"s:31:0:35:Infinity":3},"fnNames":{}}}
,"C:\\Users\\MicaJoyce Biadoy\\OneDrive\\Desktop\\123\\SetupNiJoben\\frontend\\Inventory\\src\\components\\InventoryAdjustmentForm.jsx": {"path":"C:\\Users\\MicaJoyce Biadoy\\OneDrive\\Desktop\\123\\SetupNiJoben\\frontend\\Inventory\\src\\components\\InventoryAdjustmentForm.jsx","statementMap":{"0":{"start":{"line":8,"column":19},"end":{"line":8,"column":null}},"1":{"start":{"line":9,"column":17},"end":{"line":9,"column":null}},"2":{"start":{"line":10,"column":16},"end":{"line":10,"column":null}},"3":{"start":{"line":12,"column":8},"end":{"line":29,"column":null}},"4":{"start":{"line":13,"column":4},"end":{"line":13,"column":null}},"5":{"start":{"line":14,"column":4},"end":{"line":17,"column":null}},"6":{"start":{"line":15,"column":6},"end":{"line":15,"column":null}},"7":{"start":{"line":16,"column":6},"end":{"line":16,"column":null}},"8":{"start":{"line":19,"column":4},"end":{"line":26,"column":null}},"9":{"start":{"line":28,"column":4},"end":{"line":28,"column":null}},"10":{"start":{"line":31,"column":8},"end":{"line":36,"column":null}},"11":{"start":{"line":32,"column":4},"end":{"line":32,"column":null}},"12":{"start":{"line":33,"column":4},"end":{"line":33,"column":null}},"13":{"start":{"line":34,"column":4},"end":{"line":34,"column":null}},"14":{"start":{"line":35,"column":4},"end":{"line":35,"column":null}},"15":{"start":{"line":38,"column":2},"end":{"line":38,"column":null}},"16":{"start":{"line":38,"column":13},"end":{"line":38,"column":null}},"17":{"start":{"line":41,"column":4},"end":{"line":58,"column":null}},"18":{"start":{"line":61,"column":2},"end":{"line":111,"column":null}},"19":{"start":{"line":103,"column":29},"end":{"line":103,"column":null}},"20":{"start":{"line":115,"column":0},"end":{"line":124,"column":null}}},"fnMap":{"0":{"name":"InventoryAdjustmentForm","decl":{"start":{"line":7,"column":24},"end":{"line":7,"column":48}},"loc":{"start":{"line":7,"column":85},"end":{"line":113,"column":null}},"line":7},"1":{"name":"(anonymous_1)","decl":{"start":{"line":12,"column":8},"end":{"line":12,"column":24}},"loc":{"start":{"line":12,"column":30},"end":{"line":29,"column":null}},"line":12},"2":{"name":"(anonymous_2)","decl":{"start":{"line":31,"column":8},"end":{"line":31,"column":28}},"loc":{"start":{"line":31,"column":28},"end":{"line":36,"column":null}},"line":31},"3":{"name":"(anonymous_3)","decl":{"start":{"line":103,"column":12},"end":{"line":103,"column":23}},"loc":{"start":{"line":103,"column":29},"end":{"line":103,"column":null}},"line":103}},"branchMap":{"0":{"loc":{"start":{"line":14,"column":4},"end":{"line":17,"column":null}},"type":"if","locations":[{"start":{"line":14,"column":4},"end":{"line":17,"column":null}},{"start":{},"end":{}}],"line":14},"1":{"loc":{"start":{"line":38,"column":2},"end":{"line":38,"column":null}},"type":"if","locations":[{"start":{"line":38,"column":2},"end":{"line":38,"column":null}},{"start":{},"end":{}}],"line":38}},"s":{"0":198,"1":198,"2":198,"3":198,"4":4,"5":4,"6":1,"7":1,"8":3,"9":3,"10":198,"11":7,"12":7,"13":7,"14":7,"15":198,"16":145,"17":52,"18":52,"19":20,"20":5},"f":{"0":198,"1":4,"2":7,"3":20},"b":{"0":[1,3],"1":[145,53]},"meta":{"lastBranch":2,"lastFunction":4,"lastStatement":21,"seen":{"f:7:24:7:48":0,"s:8:19:8:Infinity":0,"s:9:17:9:Infinity":1,"s:10:16:10:Infinity":2,"s:12:8:29:Infinity":3,"f:12:8:12:24":1,"s:13:4:13:Infinity":4,"b:14:4:17:Infinity:undefined:undefined:undefined:undefined":0,"s:14:4:17:Infinity":5,"s:15:6:15:Infinity":6,"s:16:6:16:Infinity":7,"s:19:4:26:Infinity":8,"s:28:4:28:Infinity":9,"s:31:8:36:Infinity":10,"f:31:8:31:28":2,"s:32:4:32:Infinity":11,"s:33:4:33:Infinity":12,"s:34:4:34:Infinity":13,"s:35:4:35:Infinity":14,"b:38:2:38:Infinity:undefined:undefined:undefined:undefined":1,"s:38:2:38:Infinity":15,"s:38:13:38:Infinity":16,"s:41:4:58:Infinity":17,"s:61:2:111:Infinity":18,"f:103:12:103:23":3,"s:103:29:103:Infinity":19,"s:115:0:124:Infinity":20},"fnNames":{}}}
,"C:\\Users\\MicaJoyce Biadoy\\OneDrive\\Desktop\\123\\SetupNiJoben\\frontend\\Inventory\\src\\components\\InventoryTable.jsx": {"path":"C:\\Users\\MicaJoyce Biadoy\\OneDrive\\Desktop\\123\\SetupNiJoben\\frontend\\Inventory\\src\\components\\InventoryTable.jsx","statementMap":{"0":{"start":{"line":8,"column":24},"end":{"line":14,"column":null}},"1":{"start":{"line":17,"column":6},"end":{"line":22,"column":null}},"2":{"start":{"line":18,"column":2},"end":{"line":18,"column":null}},"3":{"start":{"line":18,"column":21},"end":{"line":18,"column":null}},"4":{"start":{"line":19,"column":2},"end":{"line":19,"column":null}},"5":{"start":{"line":19,"column":20},"end":{"line":19,"column":null}},"6":{"start":{"line":20,"column":2},"end":{"line":20,"column":null}},"7":{"start":{"line":20,"column":21},"end":{"line":20,"column":null}},"8":{"start":{"line":21,"column":2},"end":{"line":21,"column":null}},"9":{"start":{"line":26,"column":24},"end":{"line":26,"column":null}},"10":{"start":{"line":27,"column":21},"end":{"line":27,"column":null}},"11":{"start":{"line":28,"column":27},"end":{"line":28,"column":null}},"12":{"start":{"line":29,"column":31},"end":{"line":29,"column":null}},"13":{"start":{"line":30,"column":23},"end":{"line":30,"column":null}},"14":{"start":{"line":33,"column":8},"end":{"line":35,"column":null}},"15":{"start":{"line":34,"column":4},"end":{"line":34,"column":null}},"16":{"start":{"line":34,"column":49},"end":{"line":34,"column":62}},"17":{"start":{"line":38,"column":8},"end":{"line":45,"column":null}},"18":{"start":{"line":39,"column":4},"end":{"line":44,"column":null}},"19":{"start":{"line":40,"column":28},"end":{"line":41,"column":null}},"20":{"start":{"line":42,"column":30},"end":{"line":42,"column":null}},"21":{"start":{"line":43,"column":6},"end":{"line":43,"column":null}},"22":{"start":{"line":48,"column":8},"end":{"line":51,"column":null}},"23":{"start":{"line":49,"column":4},"end":{"line":49,"column":null}},"24":{"start":{"line":50,"column":4},"end":{"line":50,"column":null}},"25":{"start":{"line":54,"column":8},"end":{"line":75,"column":null}},"26":{"start":{"line":56,"column":4},"end":{"line":71,"column":null}},"27":{"start":{"line":57,"column":6},"end":{"line":70,"column":null}},"28":{"start":{"line":58,"column":8},"end":{"line":68,"column":null}},"29":{"start":{"line":60,"column":27},"end":{"line":60,"column":null}},"30":{"start":{"line":61,"column":28},"end":{"line":61,"column":null}},"31":{"start":{"line":63,"column":10},"end":{"line":67,"column":null}},"32":{"start":{"line":69,"column":8},"end":{"line":69,"column":null}},"33":{"start":{"line":73,"column":4},"end":{"line":73,"column":null}},"34":{"start":{"line":74,"column":4},"end":{"line":74,"column":null}},"35":{"start":{"line":78,"column":8},"end":{"line":81,"column":null}},"36":{"start":{"line":79,"column":4},"end":{"line":79,"column":null}},"37":{"start":{"line":80,"column":4},"end":{"line":80,"column":null}},"38":{"start":{"line":83,"column":2},"end":{"line":156,"column":null}},"39":{"start":{"line":114,"column":16},"end":{"line":136,"column":null}},"40":{"start":{"line":129,"column":37},"end":{"line":129,"column":null}}},"fnMap":{"0":{"name":"(anonymous_0)","decl":{"start":{"line":17,"column":6},"end":{"line":17,"column":25}},"loc":{"start":{"line":17,"column":37},"end":{"line":22,"column":null}},"line":17},"1":{"name":"InventoryTable","decl":{"start":{"line":24,"column":24},"end":{"line":24,"column":41}},"loc":{"start":{"line":24,"column":41},"end":{"line":158,"column":null}},"line":24},"2":{"name":"(anonymous_2)","decl":{"start":{"line":33,"column":21},"end":{"line":33,"column":35}},"loc":{"start":{"line":33,"column":35},"end":{"line":35,"column":5}},"line":33},"3":{"name":"(anonymous_3)","decl":{"start":{"line":34,"column":37},"end":{"line":34,"column":41}},"loc":{"start":{"line":34,"column":49},"end":{"line":34,"column":62}},"line":34},"4":{"name":"(anonymous_4)","decl":{"start":{"line":38,"column":23},"end":{"line":38,"column":37}},"loc":{"start":{"line":38,"column":37},"end":{"line":45,"column":5}},"line":38},"5":{"name":"(anonymous_5)","decl":{"start":{"line":39,"column":25},"end":{"line":39,"column":32}},"loc":{"start":{"line":39,"column":40},"end":{"line":44,"column":5}},"line":39},"6":{"name":"(anonymous_6)","decl":{"start":{"line":48,"column":8},"end":{"line":48,"column":27}},"loc":{"start":{"line":48,"column":36},"end":{"line":51,"column":null}},"line":48},"7":{"name":"(anonymous_7)","decl":{"start":{"line":54,"column":8},"end":{"line":54,"column":34}},"loc":{"start":{"line":54,"column":53},"end":{"line":75,"column":null}},"line":54},"8":{"name":"(anonymous_8)","decl":{"start":{"line":56,"column":4},"end":{"line":56,"column":21}},"loc":{"start":{"line":57,"column":6},"end":{"line":70,"column":null}},"line":57},"9":{"name":"(anonymous_9)","decl":{"start":{"line":57,"column":15},"end":{"line":57,"column":19}},"loc":{"start":{"line":57,"column":27},"end":{"line":70,"column":7}},"line":57},"10":{"name":"(anonymous_10)","decl":{"start":{"line":78,"column":8},"end":{"line":78,"column":33}},"loc":{"start":{"line":78,"column":33},"end":{"line":81,"column":null}},"line":78},"11":{"name":"(anonymous_11)","decl":{"start":{"line":113,"column":27},"end":{"line":113,"column":31}},"loc":{"start":{"line":114,"column":16},"end":{"line":136,"column":null}},"line":114},"12":{"name":"(anonymous_12)","decl":{"start":{"line":129,"column":22},"end":{"line":129,"column":37}},"loc":{"start":{"line":129,"column":37},"end":{"line":129,"column":null}},"line":129}},"branchMap":{"0":{"loc":{"start":{"line":18,"column":2},"end":{"line":18,"column":null}},"type":"if","locations":[{"start":{"line":18,"column":2},"end":{"line":18,"column":null}},{"start":{},"end":{}}],"line":18},"1":{"loc":{"start":{"line":19,"column":2},"end":{"line":19,"column":null}},"type":"if","locations":[{"start":{"line":19,"column":2},"end":{"line":19,"column":null}},{"start":{},"end":{}}],"line":19},"2":{"loc":{"start":{"line":20,"column":2},"end":{"line":20,"column":null}},"type":"if","locations":[{"start":{"line":20,"column":2},"end":{"line":20,"column":null}},{"start":{},"end":{}}],"line":20},"3":{"loc":{"start":{"line":40,"column":28},"end":{"line":41,"column":null}},"type":"binary-expr","locations":[{"start":{"line":40,"column":28},"end":{"line":40,"column":null}},{"start":{"line":41,"column":27},"end":{"line":41,"column":null}}],"line":40},"4":{"loc":{"start":{"line":42,"column":30},"end":{"line":42,"column":null}},"type":"binary-expr","locations":[{"start":{"line":42,"column":30},"end":{"line":42,"column":57}},{"start":{"line":42,"column":57},"end":{"line":42,"column":null}}],"line":42},"5":{"loc":{"start":{"line":43,"column":13},"end":{"line":43,"column":null}},"type":"binary-expr","locations":[{"start":{"line":43,"column":13},"end":{"line":43,"column":30}},{"start":{"line":43,"column":30},"end":{"line":43,"column":null}}],"line":43},"6":{"loc":{"start":{"line":58,"column":8},"end":{"line":68,"column":null}},"type":"if","locations":[{"start":{"line":58,"column":8},"end":{"line":68,"column":null}},{"start":{},"end":{}}],"line":58},"7":{"loc":{"start":{"line":112,"column":13},"end":{"line":145,"column":null}},"type":"cond-expr","locations":[{"start":{"line":113,"column":14},"end":{"line":137,"column":null}},{"start":{"line":139,"column":14},"end":{"line":145,"column":null}}],"line":112}},"s":{"0":4,"1":4,"2":0,"3":0,"4":0,"5":0,"6":0,"7":0,"8":0,"9":155,"10":155,"11":155,"12":155,"13":155,"14":155,"15":54,"16":270,"17":155,"18":137,"19":685,"20":685,"21":685,"22":155,"23":8,"24":8,"25":155,"26":0,"27":0,"28":0,"29":0,"30":0,"31":0,"32":0,"33":0,"34":0,"35":155,"36":3,"37":3,"38":155,"39":421,"40":8},"f":{"0":0,"1":155,"2":54,"3":270,"4":137,"5":685,"6":8,"7":0,"8":0,"9":0,"10":3,"11":421,"12":8},"b":{"0":[0,0],"1":[0,0],"2":[0,0],"3":[685,352],"4":[685,35],"5":[685,351],"6":[0,0],"7":[109,44]},"meta":{"lastBranch":8,"lastFunction":13,"lastStatement":41,"seen":{"s:8:24:14:Infinity":0,"s:17:6:22:Infinity":1,"f:17:6:17:25":0,"b:18:2:18:Infinity:undefined:undefined:undefined:undefined":0,"s:18:2:18:Infinity":2,"s:18:21:18:Infinity":3,"b:19:2:19:Infinity:undefined:undefined:undefined:undefined":1,"s:19:2:19:Infinity":4,"s:19:20:19:Infinity":5,"b:20:2:20:Infinity:undefined:undefined:undefined:undefined":2,"s:20:2:20:Infinity":6,"s:20:21:20:Infinity":7,"s:21:2:21:Infinity":8,"f:24:24:24:41":1,"s:26:24:26:Infinity":9,"s:27:21:27:Infinity":10,"s:28:27:28:Infinity":11,"s:29:31:29:Infinity":12,"s:30:23:30:Infinity":13,"s:33:8:35:Infinity":14,"f:33:21:33:35":2,"s:34:4:34:Infinity":15,"f:34:37:34:41":3,"s:34:49:34:62":16,"s:38:8:45:Infinity":17,"f:38:23:38:37":4,"s:39:4:44:Infinity":18,"f:39:25:39:32":5,"s:40:28:41:Infinity":19,"b:40:28:40:Infinity:41:27:41:Infinity":3,"s:42:30:42:Infinity":20,"b:42:30:42:57:42:57:42:Infinity":4,"s:43:6:43:Infinity":21,"b:43:13:43:30:43:30:43:Infinity":5,"s:48:8:51:Infinity":22,"f:48:8:48:27":6,"s:49:4:49:Infinity":23,"s:50:4:50:Infinity":24,"s:54:8:75:Infinity":25,"f:54:8:54:34":7,"s:56:4:71:Infinity":26,"f:56:4:56:21":8,"s:57:6:70:Infinity":27,"f:57:15:57:19":9,"b:58:8:68:Infinity:undefined:undefined:undefined:undefined":6,"s:58:8:68:Infinity":28,"s:60:27:60:Infinity":29,"s:61:28:61:Infinity":30,"s:63:10:67:Infinity":31,"s:69:8:69:Infinity":32,"s:73:4:73:Infinity":33,"s:74:4:74:Infinity":34,"s:78:8:81:Infinity":35,"f:78:8:78:33":10,"s:79:4:79:Infinity":36,"s:80:4:80:Infinity":37,"s:83:2:156:Infinity":38,"b:113:14:137:Infinity:139:14:145:Infinity":7,"f:113:27:113:31":11,"s:114:16:136:Infinity":39,"f:129:22:129:37":12,"s:129:37:129:Infinity":40},"fnNames":{}}}
,"C:\\Users\\MicaJoyce Biadoy\\OneDrive\\Desktop\\123\\SetupNiJoben\\frontend\\Inventory\\src\\components\\LowStockWarningBanner.jsx": {"path":"C:\\Users\\MicaJoyce Biadoy\\OneDrive\\Desktop\\123\\SetupNiJoben\\frontend\\Inventory\\src\\components\\LowStockWarningBanner.jsx","statementMap":{"0":{"start":{"line":5,"column":2},"end":{"line":5,"column":null}},"1":{"start":{"line":5,"column":24},"end":{"line":5,"column":null}},"2":{"start":{"line":7,"column":2},"end":{"line":29,"column":null}},"3":{"start":{"line":33,"column":0},"end":{"line":36,"column":null}}},"fnMap":{"0":{"name":"LowStockWarningBanner","decl":{"start":{"line":4,"column":24},"end":{"line":4,"column":46}},"loc":{"start":{"line":4,"column":75},"end":{"line":31,"column":null}},"line":4}},"branchMap":{"0":{"loc":{"start":{"line":5,"column":2},"end":{"line":5,"column":null}},"type":"if","locations":[{"start":{"line":5,"column":2},"end":{"line":5,"column":null}},{"start":{},"end":{}}],"line":5},"1":{"loc":{"start":{"line":18,"column":24},"end":{"line":18,"column":67}},"type":"cond-expr","locations":[{"start":{"line":18,"column":43},"end":{"line":18,"column":55}},{"start":{"line":18,"column":55},"end":{"line":18,"column":67}}],"line":18}},"s":{"0":25,"1":1,"2":24,"3":3},"f":{"0":25},"b":{"0":[1,24],"1":[2,22]},"meta":{"lastBranch":2,"lastFunction":1,"lastStatement":4,"seen":{"f:4:24:4:46":0,"b:5:2:5:Infinity:undefined:undefined:undefined:undefined":0,"s:5:2:5:Infinity":0,"s:5:24:5:Infinity":1,"s:7:2:29:Infinity":2,"b:18:43:18:55:18:55:18:67":1,"s:33:0:36:Infinity":3},"fnNames":{}}}
,"C:\\Users\\MicaJoyce Biadoy\\OneDrive\\Desktop\\123\\SetupNiJoben\\frontend\\Inventory\\src\\components\\Modal.jsx": {"path":"C:\\Users\\MicaJoyce Biadoy\\OneDrive\\Desktop\\123\\SetupNiJoben\\frontend\\Inventory\\src\\components\\Modal.jsx","statementMap":{"0":{"start":{"line":5,"column":2},"end":{"line":5,"column":null}},"1":{"start":{"line":5,"column":15},"end":{"line":5,"column":null}},"2":{"start":{"line":7,"column":2},"end":{"line":39,"column":null}},"3":{"start":{"line":43,"column":0},"end":{"line":49,"column":null}}},"fnMap":{"0":{"name":"Modal","decl":{"start":{"line":4,"column":24},"end":{"line":4,"column":30}},"loc":{"start":{"line":4,"column":76},"end":{"line":41,"column":null}},"line":4}},"branchMap":{"0":{"loc":{"start":{"line":5,"column":2},"end":{"line":5,"column":null}},"type":"if","locations":[{"start":{"line":5,"column":2},"end":{"line":5,"column":null}},{"start":{},"end":{}}],"line":5},"1":{"loc":{"start":{"line":37,"column":9},"end":{"line":37,"column":null}},"type":"binary-expr","locations":[{"start":{"line":37,"column":9},"end":{"line":37,"column":19}},{"start":{"line":37,"column":19},"end":{"line":37,"column":null}}],"line":37}},"s":{"0":63,"1":2,"2":61,"3":6},"f":{"0":63},"b":{"0":[2,61],"1":[61,52]},"meta":{"lastBranch":2,"lastFunction":1,"lastStatement":4,"seen":{"f:4:24:4:30":0,"b:5:2:5:Infinity:undefined:undefined:undefined:undefined":0,"s:5:2:5:Infinity":0,"s:5:15:5:Infinity":1,"s:7:2:39:Infinity":2,"b:37:9:37:19:37:19:37:Infinity":1,"s:43:0:49:Infinity":3},"fnNames":{}}}
,"C:\\Users\\MicaJoyce Biadoy\\OneDrive\\Desktop\\123\\SetupNiJoben\\frontend\\Inventory\\src\\components\\QuantityInput.jsx": {"path":"C:\\Users\\MicaJoyce Biadoy\\OneDrive\\Desktop\\123\\SetupNiJoben\\frontend\\Inventory\\src\\components\\QuantityInput.jsx","statementMap":{"0":{"start":{"line":5,"column":8},"end":{"line":10,"column":null}},"1":{"start":{"line":6,"column":21},"end":{"line":6,"column":null}},"2":{"start":{"line":7,"column":4},"end":{"line":9,"column":null}},"3":{"start":{"line":8,"column":6},"end":{"line":8,"column":null}},"4":{"start":{"line":12,"column":8},"end":{"line":16,"column":null}},"5":{"start":{"line":13,"column":4},"end":{"line":15,"column":null}},"6":{"start":{"line":14,"column":6},"end":{"line":14,"column":null}},"7":{"start":{"line":18,"column":8},"end":{"line":22,"column":null}},"8":{"start":{"line":19,"column":4},"end":{"line":21,"column":null}},"9":{"start":{"line":20,"column":6},"end":{"line":20,"column":null}},"10":{"start":{"line":24,"column":2},"end":{"line":62,"column":null}},"11":{"start":{"line":66,"column":0},"end":{"line":72,"column":null}}},"fnMap":{"0":{"name":"QuantityInput","decl":{"start":{"line":4,"column":24},"end":{"line":4,"column":38}},"loc":{"start":{"line":4,"column":100},"end":{"line":64,"column":null}},"line":4},"1":{"name":"(anonymous_1)","decl":{"start":{"line":5,"column":8},"end":{"line":5,"column":24}},"loc":{"start":{"line":5,"column":30},"end":{"line":10,"column":null}},"line":5},"2":{"name":"(anonymous_2)","decl":{"start":{"line":12,"column":8},"end":{"line":12,"column":32}},"loc":{"start":{"line":12,"column":32},"end":{"line":16,"column":null}},"line":12},"3":{"name":"(anonymous_3)","decl":{"start":{"line":18,"column":8},"end":{"line":18,"column":32}},"loc":{"start":{"line":18,"column":32},"end":{"line":22,"column":null}},"line":18}},"branchMap":{"0":{"loc":{"start":{"line":4,"column":57},"end":{"line":4,"column":66}},"type":"default-arg","locations":[{"start":{"line":4,"column":63},"end":{"line":4,"column":66}}],"line":4},"1":{"loc":{"start":{"line":4,"column":66},"end":{"line":4,"column":78}},"type":"default-arg","locations":[{"start":{"line":4,"column":72},"end":{"line":4,"column":78}}],"line":4},"2":{"loc":{"start":{"line":4,"column":78},"end":{"line":4,"column":100}},"type":"default-arg","locations":[{"start":{"line":4,"column":86},"end":{"line":4,"column":100}}],"line":4},"3":{"loc":{"start":{"line":7,"column":4},"end":{"line":9,"column":null}},"type":"if","locations":[{"start":{"line":7,"column":4},"end":{"line":9,"column":null}},{"start":{},"end":{}}],"line":7},"4":{"loc":{"start":{"line":7,"column":8},"end":{"line":7,"column":64}},"type":"binary-expr","locations":[{"start":{"line":7,"column":8},"end":{"line":7,"column":28}},{"start":{"line":7,"column":28},"end":{"line":7,"column":47}},{"start":{"line":7,"column":47},"end":{"line":7,"column":64}}],"line":7},"5":{"loc":{"start":{"line":13,"column":4},"end":{"line":15,"column":null}},"type":"if","locations":[{"start":{"line":13,"column":4},"end":{"line":15,"column":null}},{"start":{},"end":{}}],"line":13},"6":{"loc":{"start":{"line":19,"column":4},"end":{"line":21,"column":null}},"type":"if","locations":[{"start":{"line":19,"column":4},"end":{"line":21,"column":null}},{"start":{},"end":{}}],"line":19}},"s":{"0":62,"1":0,"2":0,"3":0,"4":62,"5":7,"6":7,"7":62,"8":1,"9":1,"10":62,"11":6},"f":{"0":62,"1":0,"2":7,"3":1},"b":{"0":[62],"1":[62],"2":[62],"3":[0,0],"4":[0,0,0],"5":[7,0],"6":[1,0]},"meta":{"lastBranch":7,"lastFunction":4,"lastStatement":12,"seen":{"f:4:24:4:38":0,"b:4:63:4:66":0,"b:4:72:4:78":1,"b:4:86:4:100":2,"s:5:8:10:Infinity":0,"f:5:8:5:24":1,"s:6:21:6:Infinity":1,"b:7:4:9:Infinity:undefined:undefined:undefined:undefined":3,"s:7:4:9:Infinity":2,"b:7:8:7:28:7:28:7:47:7:47:7:64":4,"s:8:6:8:Infinity":3,"s:12:8:16:Infinity":4,"f:12:8:12:32":2,"b:13:4:15:Infinity:undefined:undefined:undefined:undefined":5,"s:13:4:15:Infinity":5,"s:14:6:14:Infinity":6,"s:18:8:22:Infinity":7,"f:18:8:18:32":3,"b:19:4:21:Infinity:undefined:undefined:undefined:undefined":6,"s:19:4:21:Infinity":8,"s:20:6:20:Infinity":9,"s:24:2:62:Infinity":10,"s:66:0:72:Infinity":11},"fnNames":{}}}
,"C:\\Users\\MicaJoyce Biadoy\\OneDrive\\Desktop\\123\\SetupNiJoben\\frontend\\Inventory\\src\\components\\SearchInput.jsx": {"path":"C:\\Users\\MicaJoyce Biadoy\\OneDrive\\Desktop\\123\\SetupNiJoben\\frontend\\Inventory\\src\\components\\SearchInput.jsx","statementMap":{"0":{"start":{"line":5,"column":2},"end":{"line":23,"column":null}},"1":{"start":{"line":9,"column":23},"end":{"line":9,"column":null}},"2":{"start":{"line":27,"column":0},"end":{"line":31,"column":null}}},"fnMap":{"0":{"name":"SearchInput","decl":{"start":{"line":4,"column":24},"end":{"line":4,"column":36}},"loc":{"start":{"line":4,"column":90},"end":{"line":25,"column":null}},"line":4},"1":{"name":"(anonymous_1)","decl":{"start":{"line":9,"column":6},"end":{"line":9,"column":17}},"loc":{"start":{"line":9,"column":23},"end":{"line":9,"column":null}},"line":9}},"branchMap":{"0":{"loc":{"start":{"line":4,"column":55},"end":{"line":4,"column":90}},"type":"default-arg","locations":[{"start":{"line":4,"column":69},"end":{"line":4,"column":90}}],"line":4}},"s":{"0":161,"1":83,"2":5},"f":{"0":161,"1":83},"b":{"0":[161]},"meta":{"lastBranch":1,"lastFunction":2,"lastStatement":3,"seen":{"f:4:24:4:36":0,"b:4:69:4:90":0,"s:5:2:23:Infinity":0,"f:9:6:9:17":1,"s:9:23:9:Infinity":1,"s:27:0:31:Infinity":2},"fnNames":{}}}
,"C:\\Users\\MicaJoyce Biadoy\\OneDrive\\Desktop\\123\\SetupNiJoben\\frontend\\Inventory\\src\\components\\Sidebar.jsx": {"path":"C:\\Users\\MicaJoyce Biadoy\\OneDrive\\Desktop\\123\\SetupNiJoben\\frontend\\Inventory\\src\\components\\Sidebar.jsx","statementMap":{"0":{"start":{"line":4,"column":2},"end":{"line":14,"column":null}}},"fnMap":{"0":{"name":"Sidebar","decl":{"start":{"line":3,"column":24},"end":{"line":3,"column":33}},"loc":{"start":{"line":3,"column":33},"end":{"line":16,"column":null}},"line":3}},"branchMap":{},"s":{"0":3},"f":{"0":3},"b":{},"meta":{"lastBranch":0,"lastFunction":1,"lastStatement":1,"seen":{"f:3:24:3:33":0,"s:4:2:14:Infinity":0},"fnNames":{}}}
,"C:\\Users\\MicaJoyce Biadoy\\OneDrive\\Desktop\\123\\SetupNiJoben\\frontend\\Inventory\\src\\components\\StockStatusBadge.jsx": {"path":"C:\\Users\\MicaJoyce Biadoy\\OneDrive\\Desktop\\123\\SetupNiJoben\\frontend\\Inventory\\src\\components\\StockStatusBadge.jsx","statementMap":{"0":{"start":{"line":4,"column":6},"end":{"line":15,"column":null}},"1":{"start":{"line":5,"column":2},"end":{"line":14,"column":null}},"2":{"start":{"line":7,"column":6},"end":{"line":7,"column":null}},"3":{"start":{"line":9,"column":6},"end":{"line":9,"column":null}},"4":{"start":{"line":11,"column":6},"end":{"line":11,"column":null}},"5":{"start":{"line":13,"column":6},"end":{"line":13,"column":null}},"6":{"start":{"line":17,"column":6},"end":{"line":28,"column":null}},"7":{"start":{"line":18,"column":2},"end":{"line":27,"column":null}},"8":{"start":{"line":20,"column":6},"end":{"line":20,"column":null}},"9":{"start":{"line":22,"column":6},"end":{"line":22,"column":null}},"10":{"start":{"line":24,"column":6},"end":{"line":24,"column":null}},"11":{"start":{"line":26,"column":6},"end":{"line":26,"column":null}},"12":{"start":{"line":31,"column":16},"end":{"line":31,"column":null}},"13":{"start":{"line":32,"column":16},"end":{"line":32,"column":null}},"14":{"start":{"line":34,"column":2},"end":{"line":50,"column":null}},"15":{"start":{"line":54,"column":0},"end":{"line":57,"column":null}}},"fnMap":{"0":{"name":"(anonymous_0)","decl":{"start":{"line":4,"column":6},"end":{"line":4,"column":24}},"loc":{"start":{"line":4,"column":35},"end":{"line":15,"column":null}},"line":4},"1":{"name":"(anonymous_1)","decl":{"start":{"line":17,"column":6},"end":{"line":17,"column":24}},"loc":{"start":{"line":17,"column":35},"end":{"line":28,"column":null}},"line":17},"2":{"name":"StockStatusBadge","decl":{"start":{"line":30,"column":24},"end":{"line":30,"column":41}},"loc":{"start":{"line":30,"column":62},"end":{"line":52,"column":null}},"line":30}},"branchMap":{"0":{"loc":{"start":{"line":5,"column":2},"end":{"line":14,"column":null}},"type":"switch","locations":[{"start":{"line":6,"column":4},"end":{"line":7,"column":null}},{"start":{"line":8,"column":4},"end":{"line":9,"column":null}},{"start":{"line":10,"column":4},"end":{"line":11,"column":null}},{"start":{"line":12,"column":4},"end":{"line":13,"column":null}}],"line":5},"1":{"loc":{"start":{"line":18,"column":2},"end":{"line":27,"column":null}},"type":"switch","locations":[{"start":{"line":19,"column":4},"end":{"line":20,"column":null}},{"start":{"line":21,"column":4},"end":{"line":22,"column":null}},{"start":{"line":23,"column":4},"end":{"line":24,"column":null}},{"start":{"line":25,"column":4},"end":{"line":26,"column":null}}],"line":18}},"s":{"0":5,"1":430,"2":171,"3":178,"4":81,"5":0,"6":5,"7":430,"8":171,"9":178,"10":81,"11":0,"12":430,"13":430,"14":430,"15":5},"f":{"0":430,"1":430,"2":430},"b":{"0":[171,178,81,0],"1":[171,178,81,0]},"meta":{"lastBranch":2,"lastFunction":3,"lastStatement":16,"seen":{"s:4:6:15:Infinity":0,"f:4:6:4:24":0,"b:6:4:7:Infinity:8:4:9:Infinity:10:4:11:Infinity:12:4:13:Infinity":0,"s:5:2:14:Infinity":1,"s:7:6:7:Infinity":2,"s:9:6:9:Infinity":3,"s:11:6:11:Infinity":4,"s:13:6:13:Infinity":5,"s:17:6:28:Infinity":6,"f:17:6:17:24":1,"b:19:4:20:Infinity:21:4:22:Infinity:23:4:24:Infinity:25:4:26:Infinity":1,"s:18:2:27:Infinity":7,"s:20:6:20:Infinity":8,"s:22:6:22:Infinity":9,"s:24:6:24:Infinity":10,"s:26:6:26:Infinity":11,"f:30:24:30:41":2,"s:31:16:31:Infinity":12,"s:32:16:32:Infinity":13,"s:34:2:50:Infinity":14,"s:54:0:57:Infinity":15},"fnNames":{}}}
}
