{"C:\\Users\\MicaJoyce Biadoy\\OneDrive\\Desktop\\123\\SetupNiJoben\\frontend\\src\\App.jsx": {"path":"C:\\Users\\MicaJoyce Biadoy\\OneDrive\\Desktop\\123\\SetupNiJoben\\frontend\\src\\App.jsx","statementMap":{"0":{"start":{"line":6,"column":2},"end":{"line":12,"column":null}}},"fnMap":{"0":{"name":"App","decl":{"start":{"line":5,"column":24},"end":{"line":5,"column":29}},"loc":{"start":{"line":5,"column":29},"end":{"line":14,"column":null}},"line":5}},"branchMap":{},"s":{"0":3},"f":{"0":3},"b":{},"meta":{"lastBranch":0,"lastFunction":1,"lastStatement":1,"seen":{"f:5:24:5:29":0,"s:6:2:12:Infinity":0},"fnNames":{}}}
,"C:\\Users\\MicaJoyce Biadoy\\OneDrive\\Desktop\\123\\SetupNiJoben\\frontend\\src\\components\\AdjustmentReasonDropdown.jsx": {"path":"C:\\Users\\MicaJoyce Biadoy\\OneDrive\\Desktop\\123\\SetupNiJoben\\frontend\\src\\components\\AdjustmentReasonDropdown.jsx","statementMap":{"0":{"start":{"line":4,"column":27},"end":{"line":10,"column":null}},"1":{"start":{"line":13,"column":2},"end":{"line":33,"column":null}},"2":{"start":{"line":21,"column":25},"end":{"line":21,"column":null}},"3":{"start":{"line":28,"column":10},"end":{"line":30,"column":null}},"4":{"start":{"line":37,"column":0},"end":{"line":41,"column":null}}},"fnMap":{"0":{"name":"AdjustmentReasonDropdown","decl":{"start":{"line":12,"column":24},"end":{"line":12,"column":49}},"loc":{"start":{"line":12,"column":99},"end":{"line":35,"column":null}},"line":12},"1":{"name":"(anonymous_1)","decl":{"start":{"line":21,"column":8},"end":{"line":21,"column":19}},"loc":{"start":{"line":21,"column":25},"end":{"line":21,"column":null}},"line":21},"2":{"name":"(anonymous_2)","decl":{"start":{"line":27,"column":28},"end":{"line":27,"column":33}},"loc":{"start":{"line":28,"column":10},"end":{"line":30,"column":null}},"line":28}},"branchMap":{"0":{"loc":{"start":{"line":12,"column":68},"end":{"line":12,"column":99}},"type":"default-arg","locations":[{"start":{"line":12,"column":76},"end":{"line":12,"column":99}}],"line":12}},"s":{"0":4,"1":57,"2":5,"3":285,"4":4},"f":{"0":57,"1":5,"2":285},"b":{"0":[57]},"meta":{"lastBranch":1,"lastFunction":3,"lastStatement":5,"seen":{"s:4:27:10:Infinity":0,"f:12:24:12:49":0,"b:12:76:12:99":0,"s:13:2:33:Infinity":1,"f:21:8:21:19":1,"s:21:25:21:Infinity":2,"f:27:28:27:33":2,"s:28:10:30:Infinity":3,"s:37:0:41:Infinity":4},"fnNames":{}}}
,"C:\\Users\\MicaJoyce Biadoy\\OneDrive\\Desktop\\123\\SetupNiJoben\\frontend\\src\\components\\DashboardContainer.jsx": {"path":"C:\\Users\\MicaJoyce Biadoy\\OneDrive\\Desktop\\123\\SetupNiJoben\\frontend\\src\\components\\DashboardContainer.jsx","statementMap":{"0":{"start":{"line":5,"column":2},"end":{"line":11,"column":null}}},"fnMap":{"0":{"name":"DashboardContainer","decl":{"start":{"line":4,"column":24},"end":{"line":4,"column":44}},"loc":{"start":{"line":4,"column":44},"end":{"line":13,"column":null}},"line":4}},"branchMap":{},"s":{"0":3},"f":{"0":3},"b":{},"meta":{"lastBranch":0,"lastFunction":1,"lastStatement":1,"seen":{"f:4:24:4:44":0,"s:5:2:11:Infinity":0},"fnNames":{}}}
,"C:\\Users\\MicaJoyce Biadoy\\OneDrive\\Desktop\\123\\SetupNiJoben\\frontend\\src\\components\\FilterDropdown.jsx": {"path":"C:\\Users\\MicaJoyce Biadoy\\OneDrive\\Desktop\\123\\SetupNiJoben\\frontend\\src\\components\\FilterDropdown.jsx","statementMap":{"0":{"start":{"line":5,"column":2},"end":{"line":27,"column":null}},"1":{"start":{"line":8,"column":23},"end":{"line":8,"column":null}},"2":{"start":{"line":23,"column":8},"end":{"line":25,"column":null}},"3":{"start":{"line":31,"column":0},"end":{"line":35,"column":null}}},"fnMap":{"0":{"name":"FilterDropdown","decl":{"start":{"line":4,"column":24},"end":{"line":4,"column":39}},"loc":{"start":{"line":4,"column":83},"end":{"line":29,"column":null}},"line":4},"1":{"name":"(anonymous_1)","decl":{"start":{"line":8,"column":6},"end":{"line":8,"column":17}},"loc":{"start":{"line":8,"column":23},"end":{"line":8,"column":null}},"line":8},"2":{"name":"(anonymous_2)","decl":{"start":{"line":22,"column":18},"end":{"line":22,"column":23}},"loc":{"start":{"line":23,"column":8},"end":{"line":25,"column":null}},"line":23}},"branchMap":{},"s":{"0":71,"1":6,"2":280,"3":3},"f":{"0":71,"1":6,"2":280},"b":{},"meta":{"lastBranch":0,"lastFunction":3,"lastStatement":4,"seen":{"f:4:24:4:39":0,"s:5:2:27:Infinity":0,"f:8:6:8:17":1,"s:8:23:8:Infinity":1,"f:22:18:22:23":2,"s:23:8:25:Infinity":2,"s:31:0:35:Infinity":3},"fnNames":{}}}
,"C:\\Users\\MicaJoyce Biadoy\\OneDrive\\Desktop\\123\\SetupNiJoben\\frontend\\src\\components\\InventoryAdjustmentForm.jsx": {"path":"C:\\Users\\MicaJoyce Biadoy\\OneDrive\\Desktop\\123\\SetupNiJoben\\frontend\\src\\components\\InventoryAdjustmentForm.jsx","statementMap":{"0":{"start":{"line":8,"column":19},"end":{"line":8,"column":null}},"1":{"start":{"line":9,"column":17},"end":{"line":9,"column":null}},"2":{"start":{"line":10,"column":16},"end":{"line":10,"column":null}},"3":{"start":{"line":12,"column":8},"end":{"line":29,"column":null}},"4":{"start":{"line":13,"column":4},"end":{"line":13,"column":null}},"5":{"start":{"line":14,"column":4},"end":{"line":17,"column":null}},"6":{"start":{"line":15,"column":6},"end":{"line":15,"column":null}},"7":{"start":{"line":16,"column":6},"end":{"line":16,"column":null}},"8":{"start":{"line":19,"column":4},"end":{"line":26,"column":null}},"9":{"start":{"line":28,"column":4},"end":{"line":28,"column":null}},"10":{"start":{"line":31,"column":8},"end":{"line":36,"column":null}},"11":{"start":{"line":32,"column":4},"end":{"line":32,"column":null}},"12":{"start":{"line":33,"column":4},"end":{"line":33,"column":null}},"13":{"start":{"line":34,"column":4},"end":{"line":34,"column":null}},"14":{"start":{"line":35,"column":4},"end":{"line":35,"column":null}},"15":{"start":{"line":38,"column":2},"end":{"line":38,"column":null}},"16":{"start":{"line":38,"column":13},"end":{"line":38,"column":null}},"17":{"start":{"line":41,"column":4},"end":{"line":58,"column":null}},"18":{"start":{"line":61,"column":2},"end":{"line":111,"column":null}},"19":{"start":{"line":103,"column":29},"end":{"line":103,"column":null}},"20":{"start":{"line":115,"column":0},"end":{"line":124,"column":null}}},"fnMap":{"0":{"name":"InventoryAdjustmentForm","decl":{"start":{"line":7,"column":24},"end":{"line":7,"column":48}},"loc":{"start":{"line":7,"column":85},"end":{"line":113,"column":null}},"line":7},"1":{"name":"(anonymous_1)","decl":{"start":{"line":12,"column":8},"end":{"line":12,"column":24}},"loc":{"start":{"line":12,"column":30},"end":{"line":29,"column":null}},"line":12},"2":{"name":"(anonymous_2)","decl":{"start":{"line":31,"column":8},"end":{"line":31,"column":28}},"loc":{"start":{"line":31,"column":28},"end":{"line":36,"column":null}},"line":31},"3":{"name":"(anonymous_3)","decl":{"start":{"line":103,"column":12},"end":{"line":103,"column":23}},"loc":{"start":{"line":103,"column":29},"end":{"line":103,"column":null}},"line":103}},"branchMap":{"0":{"loc":{"start":{"line":14,"column":4},"end":{"line":17,"column":null}},"type":"if","locations":[{"start":{"line":14,"column":4},"end":{"line":17,"column":null}},{"start":{},"end":{}}],"line":14},"1":{"loc":{"start":{"line":38,"column":2},"end":{"line":38,"column":null}},"type":"if","locations":[{"start":{"line":38,"column":2},"end":{"line":38,"column":null}},{"start":{},"end":{}}],"line":38}},"s":{"0":107,"1":107,"2":107,"3":107,"4":4,"5":4,"6":1,"7":1,"8":3,"9":3,"10":107,"11":6,"12":6,"13":6,"14":6,"15":107,"16":55,"17":51,"18":51,"19":20,"20":3},"f":{"0":107,"1":4,"2":6,"3":20},"b":{"0":[1,3],"1":[55,52]},"meta":{"lastBranch":2,"lastFunction":4,"lastStatement":21,"seen":{"f:7:24:7:48":0,"s:8:19:8:Infinity":0,"s:9:17:9:Infinity":1,"s:10:16:10:Infinity":2,"s:12:8:29:Infinity":3,"f:12:8:12:24":1,"s:13:4:13:Infinity":4,"b:14:4:17:Infinity:undefined:undefined:undefined:undefined":0,"s:14:4:17:Infinity":5,"s:15:6:15:Infinity":6,"s:16:6:16:Infinity":7,"s:19:4:26:Infinity":8,"s:28:4:28:Infinity":9,"s:31:8:36:Infinity":10,"f:31:8:31:28":2,"s:32:4:32:Infinity":11,"s:33:4:33:Infinity":12,"s:34:4:34:Infinity":13,"s:35:4:35:Infinity":14,"b:38:2:38:Infinity:undefined:undefined:undefined:undefined":1,"s:38:2:38:Infinity":15,"s:38:13:38:Infinity":16,"s:41:4:58:Infinity":17,"s:61:2:111:Infinity":18,"f:103:12:103:23":3,"s:103:29:103:Infinity":19,"s:115:0:124:Infinity":20},"fnNames":{}}}
,"C:\\Users\\MicaJoyce Biadoy\\OneDrive\\Desktop\\123\\SetupNiJoben\\frontend\\src\\components\\InventoryTable.jsx": {"path":"C:\\Users\\MicaJoyce Biadoy\\OneDrive\\Desktop\\123\\SetupNiJoben\\frontend\\src\\components\\InventoryTable.jsx","statementMap":{"0":{"start":{"line":7,"column":17},"end":{"line":13,"column":null}},"1":{"start":{"line":16,"column":21},"end":{"line":16,"column":null}},"2":{"start":{"line":17,"column":27},"end":{"line":17,"column":null}},"3":{"start":{"line":18,"column":31},"end":{"line":18,"column":null}},"4":{"start":{"line":19,"column":23},"end":{"line":19,"column":null}},"5":{"start":{"line":21,"column":21},"end":{"line":21,"column":null}},"6":{"start":{"line":21,"column":54},"end":{"line":21,"column":67}},"7":{"start":{"line":23,"column":8},"end":{"line":30,"column":null}},"8":{"start":{"line":24,"column":4},"end":{"line":29,"column":null}},"9":{"start":{"line":25,"column":28},"end":{"line":26,"column":null}},"10":{"start":{"line":27,"column":30},"end":{"line":27,"column":null}},"11":{"start":{"line":28,"column":6},"end":{"line":28,"column":null}},"12":{"start":{"line":32,"column":8},"end":{"line":35,"column":null}},"13":{"start":{"line":33,"column":4},"end":{"line":33,"column":null}},"14":{"start":{"line":34,"column":4},"end":{"line":34,"column":null}},"15":{"start":{"line":37,"column":8},"end":{"line":40,"column":null}},"16":{"start":{"line":38,"column":4},"end":{"line":38,"column":null}},"17":{"start":{"line":39,"column":4},"end":{"line":39,"column":null}},"18":{"start":{"line":42,"column":2},"end":{"line":108,"column":null}},"19":{"start":{"line":71,"column":16},"end":{"line":89,"column":null}},"20":{"start":{"line":82,"column":37},"end":{"line":82,"column":null}},"21":{"start":{"line":104,"column":23},"end":{"line":104,"column":null}}},"fnMap":{"0":{"name":"InventoryTable","decl":{"start":{"line":15,"column":24},"end":{"line":15,"column":41}},"loc":{"start":{"line":15,"column":41},"end":{"line":110,"column":null}},"line":15},"1":{"name":"(anonymous_1)","decl":{"start":{"line":21,"column":42},"end":{"line":21,"column":46}},"loc":{"start":{"line":21,"column":54},"end":{"line":21,"column":67}},"line":21},"2":{"name":"(anonymous_2)","decl":{"start":{"line":23,"column":23},"end":{"line":23,"column":37}},"loc":{"start":{"line":23,"column":37},"end":{"line":30,"column":5}},"line":23},"3":{"name":"(anonymous_3)","decl":{"start":{"line":24,"column":20},"end":{"line":24,"column":27}},"loc":{"start":{"line":24,"column":35},"end":{"line":29,"column":5}},"line":24},"4":{"name":"(anonymous_4)","decl":{"start":{"line":32,"column":8},"end":{"line":32,"column":27}},"loc":{"start":{"line":32,"column":36},"end":{"line":35,"column":null}},"line":32},"5":{"name":"(anonymous_5)","decl":{"start":{"line":37,"column":8},"end":{"line":37,"column":34}},"loc":{"start":{"line":37,"column":53},"end":{"line":40,"column":null}},"line":37},"6":{"name":"(anonymous_6)","decl":{"start":{"line":70,"column":27},"end":{"line":70,"column":31}},"loc":{"start":{"line":71,"column":16},"end":{"line":89,"column":null}},"line":71},"7":{"name":"(anonymous_7)","decl":{"start":{"line":82,"column":22},"end":{"line":82,"column":37}},"loc":{"start":{"line":82,"column":37},"end":{"line":82,"column":null}},"line":82},"8":{"name":"(anonymous_8)","decl":{"start":{"line":104,"column":8},"end":{"line":104,"column":23}},"loc":{"start":{"line":104,"column":23},"end":{"line":104,"column":null}},"line":104}},"branchMap":{"0":{"loc":{"start":{"line":25,"column":28},"end":{"line":26,"column":null}},"type":"binary-expr","locations":[{"start":{"line":25,"column":28},"end":{"line":25,"column":null}},{"start":{"line":26,"column":27},"end":{"line":26,"column":null}}],"line":25},"1":{"loc":{"start":{"line":27,"column":30},"end":{"line":27,"column":null}},"type":"binary-expr","locations":[{"start":{"line":27,"column":30},"end":{"line":27,"column":57}},{"start":{"line":27,"column":57},"end":{"line":27,"column":null}}],"line":27},"2":{"loc":{"start":{"line":28,"column":13},"end":{"line":28,"column":null}},"type":"binary-expr","locations":[{"start":{"line":28,"column":13},"end":{"line":28,"column":30}},{"start":{"line":28,"column":30},"end":{"line":28,"column":null}}],"line":28},"3":{"loc":{"start":{"line":69,"column":13},"end":{"line":98,"column":null}},"type":"cond-expr","locations":[{"start":{"line":70,"column":14},"end":{"line":90,"column":null}},{"start":{"line":92,"column":14},"end":{"line":98,"column":null}}],"line":69}},"s":{"0":2,"1":63,"2":63,"3":63,"4":63,"5":63,"6":310,"7":63,"8":55,"9":275,"10":275,"11":275,"12":63,"13":5,"14":5,"15":63,"16":0,"17":0,"18":63,"19":186,"20":5,"21":2},"f":{"0":63,"1":310,"2":55,"3":275,"4":5,"5":0,"6":186,"7":5,"8":2},"b":{"0":[275,132],"1":[275,35],"2":[275,161],"3":[48,14]},"meta":{"lastBranch":4,"lastFunction":9,"lastStatement":22,"seen":{"s:7:17:13:Infinity":0,"f:15:24:15:41":0,"s:16:21:16:Infinity":1,"s:17:27:17:Infinity":2,"s:18:31:18:Infinity":3,"s:19:23:19:Infinity":4,"s:21:21:21:Infinity":5,"f:21:42:21:46":1,"s:21:54:21:67":6,"s:23:8:30:Infinity":7,"f:23:23:23:37":2,"s:24:4:29:Infinity":8,"f:24:20:24:27":3,"s:25:28:26:Infinity":9,"b:25:28:25:Infinity:26:27:26:Infinity":0,"s:27:30:27:Infinity":10,"b:27:30:27:57:27:57:27:Infinity":1,"s:28:6:28:Infinity":11,"b:28:13:28:30:28:30:28:Infinity":2,"s:32:8:35:Infinity":12,"f:32:8:32:27":4,"s:33:4:33:Infinity":13,"s:34:4:34:Infinity":14,"s:37:8:40:Infinity":15,"f:37:8:37:34":5,"s:38:4:38:Infinity":16,"s:39:4:39:Infinity":17,"s:42:2:108:Infinity":18,"b:70:14:90:Infinity:92:14:98:Infinity":3,"f:70:27:70:31":6,"s:71:16:89:Infinity":19,"f:82:22:82:37":7,"s:82:37:82:Infinity":20,"f:104:8:104:23":8,"s:104:23:104:Infinity":21},"fnNames":{}}}
,"C:\\Users\\MicaJoyce Biadoy\\OneDrive\\Desktop\\123\\SetupNiJoben\\frontend\\src\\components\\Modal.jsx": {"path":"C:\\Users\\MicaJoyce Biadoy\\OneDrive\\Desktop\\123\\SetupNiJoben\\frontend\\src\\components\\Modal.jsx","statementMap":{"0":{"start":{"line":5,"column":2},"end":{"line":5,"column":null}},"1":{"start":{"line":5,"column":15},"end":{"line":5,"column":null}},"2":{"start":{"line":7,"column":2},"end":{"line":39,"column":null}},"3":{"start":{"line":43,"column":0},"end":{"line":49,"column":null}}},"fnMap":{"0":{"name":"Modal","decl":{"start":{"line":4,"column":24},"end":{"line":4,"column":30}},"loc":{"start":{"line":4,"column":76},"end":{"line":41,"column":null}},"line":4}},"branchMap":{"0":{"loc":{"start":{"line":5,"column":2},"end":{"line":5,"column":null}},"type":"if","locations":[{"start":{"line":5,"column":2},"end":{"line":5,"column":null}},{"start":{},"end":{}}],"line":5},"1":{"loc":{"start":{"line":37,"column":9},"end":{"line":37,"column":null}},"type":"binary-expr","locations":[{"start":{"line":37,"column":9},"end":{"line":37,"column":19}},{"start":{"line":37,"column":19},"end":{"line":37,"column":null}}],"line":37}},"s":{"0":62,"1":4,"2":58,"3":4},"f":{"0":62},"b":{"0":[4,58],"1":[58,49]},"meta":{"lastBranch":2,"lastFunction":1,"lastStatement":4,"seen":{"f:4:24:4:30":0,"b:5:2:5:Infinity:undefined:undefined:undefined:undefined":0,"s:5:2:5:Infinity":0,"s:5:15:5:Infinity":1,"s:7:2:39:Infinity":2,"b:37:9:37:19:37:19:37:Infinity":1,"s:43:0:49:Infinity":3},"fnNames":{}}}
,"C:\\Users\\MicaJoyce Biadoy\\OneDrive\\Desktop\\123\\SetupNiJoben\\frontend\\src\\components\\QuantityInput.jsx": {"path":"C:\\Users\\MicaJoyce Biadoy\\OneDrive\\Desktop\\123\\SetupNiJoben\\frontend\\src\\components\\QuantityInput.jsx","statementMap":{"0":{"start":{"line":5,"column":8},"end":{"line":10,"column":null}},"1":{"start":{"line":6,"column":21},"end":{"line":6,"column":null}},"2":{"start":{"line":7,"column":4},"end":{"line":9,"column":null}},"3":{"start":{"line":8,"column":6},"end":{"line":8,"column":null}},"4":{"start":{"line":12,"column":8},"end":{"line":16,"column":null}},"5":{"start":{"line":13,"column":4},"end":{"line":15,"column":null}},"6":{"start":{"line":14,"column":6},"end":{"line":14,"column":null}},"7":{"start":{"line":18,"column":8},"end":{"line":22,"column":null}},"8":{"start":{"line":19,"column":4},"end":{"line":21,"column":null}},"9":{"start":{"line":20,"column":6},"end":{"line":20,"column":null}},"10":{"start":{"line":24,"column":2},"end":{"line":62,"column":null}},"11":{"start":{"line":66,"column":0},"end":{"line":72,"column":null}}},"fnMap":{"0":{"name":"QuantityInput","decl":{"start":{"line":4,"column":24},"end":{"line":4,"column":38}},"loc":{"start":{"line":4,"column":100},"end":{"line":64,"column":null}},"line":4},"1":{"name":"(anonymous_1)","decl":{"start":{"line":5,"column":8},"end":{"line":5,"column":24}},"loc":{"start":{"line":5,"column":30},"end":{"line":10,"column":null}},"line":5},"2":{"name":"(anonymous_2)","decl":{"start":{"line":12,"column":8},"end":{"line":12,"column":32}},"loc":{"start":{"line":12,"column":32},"end":{"line":16,"column":null}},"line":12},"3":{"name":"(anonymous_3)","decl":{"start":{"line":18,"column":8},"end":{"line":18,"column":32}},"loc":{"start":{"line":18,"column":32},"end":{"line":22,"column":null}},"line":18}},"branchMap":{"0":{"loc":{"start":{"line":4,"column":57},"end":{"line":4,"column":66}},"type":"default-arg","locations":[{"start":{"line":4,"column":63},"end":{"line":4,"column":66}}],"line":4},"1":{"loc":{"start":{"line":4,"column":66},"end":{"line":4,"column":78}},"type":"default-arg","locations":[{"start":{"line":4,"column":72},"end":{"line":4,"column":78}}],"line":4},"2":{"loc":{"start":{"line":4,"column":78},"end":{"line":4,"column":100}},"type":"default-arg","locations":[{"start":{"line":4,"column":86},"end":{"line":4,"column":100}}],"line":4},"3":{"loc":{"start":{"line":7,"column":4},"end":{"line":9,"column":null}},"type":"if","locations":[{"start":{"line":7,"column":4},"end":{"line":9,"column":null}},{"start":{},"end":{}}],"line":7},"4":{"loc":{"start":{"line":7,"column":8},"end":{"line":7,"column":64}},"type":"binary-expr","locations":[{"start":{"line":7,"column":8},"end":{"line":7,"column":28}},{"start":{"line":7,"column":28},"end":{"line":7,"column":47}},{"start":{"line":7,"column":47},"end":{"line":7,"column":64}}],"line":7},"5":{"loc":{"start":{"line":13,"column":4},"end":{"line":15,"column":null}},"type":"if","locations":[{"start":{"line":13,"column":4},"end":{"line":15,"column":null}},{"start":{},"end":{}}],"line":13},"6":{"loc":{"start":{"line":19,"column":4},"end":{"line":21,"column":null}},"type":"if","locations":[{"start":{"line":19,"column":4},"end":{"line":21,"column":null}},{"start":{},"end":{}}],"line":19}},"s":{"0":59,"1":0,"2":0,"3":0,"4":59,"5":7,"6":7,"7":59,"8":1,"9":1,"10":59,"11":4},"f":{"0":59,"1":0,"2":7,"3":1},"b":{"0":[59],"1":[59],"2":[59],"3":[0,0],"4":[0,0,0],"5":[7,0],"6":[1,0]},"meta":{"lastBranch":7,"lastFunction":4,"lastStatement":12,"seen":{"f:4:24:4:38":0,"b:4:63:4:66":0,"b:4:72:4:78":1,"b:4:86:4:100":2,"s:5:8:10:Infinity":0,"f:5:8:5:24":1,"s:6:21:6:Infinity":1,"b:7:4:9:Infinity:undefined:undefined:undefined:undefined":3,"s:7:4:9:Infinity":2,"b:7:8:7:28:7:28:7:47:7:47:7:64":4,"s:8:6:8:Infinity":3,"s:12:8:16:Infinity":4,"f:12:8:12:32":2,"b:13:4:15:Infinity:undefined:undefined:undefined:undefined":5,"s:13:4:15:Infinity":5,"s:14:6:14:Infinity":6,"s:18:8:22:Infinity":7,"f:18:8:18:32":3,"b:19:4:21:Infinity:undefined:undefined:undefined:undefined":6,"s:19:4:21:Infinity":8,"s:20:6:20:Infinity":9,"s:24:2:62:Infinity":10,"s:66:0:72:Infinity":11},"fnNames":{}}}
,"C:\\Users\\MicaJoyce Biadoy\\OneDrive\\Desktop\\123\\SetupNiJoben\\frontend\\src\\components\\SearchInput.jsx": {"path":"C:\\Users\\MicaJoyce Biadoy\\OneDrive\\Desktop\\123\\SetupNiJoben\\frontend\\src\\components\\SearchInput.jsx","statementMap":{"0":{"start":{"line":5,"column":2},"end":{"line":23,"column":null}},"1":{"start":{"line":9,"column":23},"end":{"line":9,"column":null}},"2":{"start":{"line":27,"column":0},"end":{"line":31,"column":null}}},"fnMap":{"0":{"name":"SearchInput","decl":{"start":{"line":4,"column":24},"end":{"line":4,"column":36}},"loc":{"start":{"line":4,"column":90},"end":{"line":25,"column":null}},"line":4},"1":{"name":"(anonymous_1)","decl":{"start":{"line":9,"column":6},"end":{"line":9,"column":17}},"loc":{"start":{"line":9,"column":23},"end":{"line":9,"column":null}},"line":9}},"branchMap":{"0":{"loc":{"start":{"line":4,"column":55},"end":{"line":4,"column":90}},"type":"default-arg","locations":[{"start":{"line":4,"column":69},"end":{"line":4,"column":90}}],"line":4}},"s":{"0":70,"1":34,"2":3},"f":{"0":70,"1":34},"b":{"0":[70]},"meta":{"lastBranch":1,"lastFunction":2,"lastStatement":3,"seen":{"f:4:24:4:36":0,"b:4:69:4:90":0,"s:5:2:23:Infinity":0,"f:9:6:9:17":1,"s:9:23:9:Infinity":1,"s:27:0:31:Infinity":2},"fnNames":{}}}
,"C:\\Users\\MicaJoyce Biadoy\\OneDrive\\Desktop\\123\\SetupNiJoben\\frontend\\src\\components\\Sidebar.jsx": {"path":"C:\\Users\\MicaJoyce Biadoy\\OneDrive\\Desktop\\123\\SetupNiJoben\\frontend\\src\\components\\Sidebar.jsx","statementMap":{"0":{"start":{"line":4,"column":2},"end":{"line":14,"column":null}}},"fnMap":{"0":{"name":"Sidebar","decl":{"start":{"line":3,"column":24},"end":{"line":3,"column":33}},"loc":{"start":{"line":3,"column":33},"end":{"line":16,"column":null}},"line":3}},"branchMap":{},"s":{"0":3},"f":{"0":3},"b":{},"meta":{"lastBranch":0,"lastFunction":1,"lastStatement":1,"seen":{"f:3:24:3:33":0,"s:4:2:14:Infinity":0},"fnNames":{}}}
,"C:\\Users\\MicaJoyce Biadoy\\OneDrive\\Desktop\\123\\SetupNiJoben\\frontend\\src\\components\\StockStatusBadge.jsx": {"path":"C:\\Users\\MicaJoyce Biadoy\\OneDrive\\Desktop\\123\\SetupNiJoben\\frontend\\src\\components\\StockStatusBadge.jsx","statementMap":{"0":{"start":{"line":4,"column":6},"end":{"line":15,"column":null}},"1":{"start":{"line":5,"column":2},"end":{"line":14,"column":null}},"2":{"start":{"line":7,"column":6},"end":{"line":7,"column":null}},"3":{"start":{"line":9,"column":6},"end":{"line":9,"column":null}},"4":{"start":{"line":11,"column":6},"end":{"line":11,"column":null}},"5":{"start":{"line":13,"column":6},"end":{"line":13,"column":null}},"6":{"start":{"line":17,"column":6},"end":{"line":28,"column":null}},"7":{"start":{"line":18,"column":2},"end":{"line":27,"column":null}},"8":{"start":{"line":20,"column":6},"end":{"line":20,"column":null}},"9":{"start":{"line":22,"column":6},"end":{"line":22,"column":null}},"10":{"start":{"line":24,"column":6},"end":{"line":24,"column":null}},"11":{"start":{"line":26,"column":6},"end":{"line":26,"column":null}},"12":{"start":{"line":31,"column":16},"end":{"line":31,"column":null}},"13":{"start":{"line":32,"column":16},"end":{"line":32,"column":null}},"14":{"start":{"line":34,"column":2},"end":{"line":50,"column":null}},"15":{"start":{"line":54,"column":0},"end":{"line":57,"column":null}}},"fnMap":{"0":{"name":"(anonymous_0)","decl":{"start":{"line":4,"column":6},"end":{"line":4,"column":24}},"loc":{"start":{"line":4,"column":35},"end":{"line":15,"column":null}},"line":4},"1":{"name":"(anonymous_1)","decl":{"start":{"line":17,"column":6},"end":{"line":17,"column":24}},"loc":{"start":{"line":17,"column":35},"end":{"line":28,"column":null}},"line":17},"2":{"name":"StockStatusBadge","decl":{"start":{"line":30,"column":24},"end":{"line":30,"column":41}},"loc":{"start":{"line":30,"column":62},"end":{"line":52,"column":null}},"line":30}},"branchMap":{"0":{"loc":{"start":{"line":5,"column":2},"end":{"line":14,"column":null}},"type":"switch","locations":[{"start":{"line":6,"column":4},"end":{"line":7,"column":null}},{"start":{"line":8,"column":4},"end":{"line":9,"column":null}},{"start":{"line":10,"column":4},"end":{"line":11,"column":null}},{"start":{"line":12,"column":4},"end":{"line":13,"column":null}}],"line":5},"1":{"loc":{"start":{"line":18,"column":2},"end":{"line":27,"column":null}},"type":"switch","locations":[{"start":{"line":19,"column":4},"end":{"line":20,"column":null}},{"start":{"line":21,"column":4},"end":{"line":22,"column":null}},{"start":{"line":23,"column":4},"end":{"line":24,"column":null}},{"start":{"line":25,"column":4},"end":{"line":26,"column":null}}],"line":18}},"s":{"0":3,"1":195,"2":82,"3":76,"4":37,"5":0,"6":3,"7":195,"8":82,"9":76,"10":37,"11":0,"12":195,"13":195,"14":195,"15":3},"f":{"0":195,"1":195,"2":195},"b":{"0":[82,76,37,0],"1":[82,76,37,0]},"meta":{"lastBranch":2,"lastFunction":3,"lastStatement":16,"seen":{"s:4:6:15:Infinity":0,"f:4:6:4:24":0,"b:6:4:7:Infinity:8:4:9:Infinity:10:4:11:Infinity:12:4:13:Infinity":0,"s:5:2:14:Infinity":1,"s:7:6:7:Infinity":2,"s:9:6:9:Infinity":3,"s:11:6:11:Infinity":4,"s:13:6:13:Infinity":5,"s:17:6:28:Infinity":6,"f:17:6:17:24":1,"b:19:4:20:Infinity:21:4:22:Infinity:23:4:24:Infinity:25:4:26:Infinity":1,"s:18:2:27:Infinity":7,"s:20:6:20:Infinity":8,"s:22:6:22:Infinity":9,"s:24:6:24:Infinity":10,"s:26:6:26:Infinity":11,"f:30:24:30:41":2,"s:31:16:31:Infinity":12,"s:32:16:32:Infinity":13,"s:34:2:50:Infinity":14,"s:54:0:57:Infinity":15},"fnNames":{}}}
}
